MPRINT(EM_DIAGRAM):    data _null_;
MPRINT(EM_DIAGRAM):   call symput('NLDATE', strip(put(date(), NLDATE.)));
MPRINT(EM_DIAGRAM):   call symput('NLTIME', strip(put(datetime(), NLTIME.)));
MPRINT(EM_DIAGRAM):   run;
MPRINT(EM_DIAGRAM):   data _null_;
MPRINT(EM_DIAGRAM):   nldate= sasmsg("sashelp.dmine", "log_date_note", 'N', "August 07, 2022" );
MPRINT(EM_DIAGRAM):   nltime= sasmsg("sashelp.dmine", "log_time_note", 'N', "18:16:40" );
MPRINT(EM_DIAGRAM):   put "*------------------------------------------------------------*";
MPRINT(EM_DIAGRAM):   put "* Report Log";
MPRINT(EM_DIAGRAM):   put nldate;
MPRINT(EM_DIAGRAM):   put nltime;
MPRINT(EM_DIAGRAM):   put "*------------------------------------------------------------*";
MPRINT(EM_DIAGRAM):   run;
*------------------------------------------------------------*
* Report Log
Date:                August 07, 2022
Time:                18:16:40
*------------------------------------------------------------*
MPRINT(EM_DIAGRAM):    filename O1E59DXF "D:\\BAN210PA\Workspaces\EMWS1\Impt\EMREPORT.out" encoding="UTF-8" NOBOM;
MPRINT(EM_DIAGRAM):   proc printto print=O1E59DXF new;
MPRINT(EM_DIAGRAM):   run;
36902      %let _nimpute = 0;
36903      data EMWS1.Impt_RESULT;
MPRINT(EM_DIAGRAM):    data EMWS1.Impt_RESULT;
36904      label NAME = "%sysfunc(sasmsg(sashelp.dmine, meta_name_vlabel,        NOQUOTE))" METHOD = "%sysfunc(sasmsg(sashelp.dmine, rpt_imputemethod_vlabel, NOQUOTE))" IMPUTED = "%sysfunc(sasmsg(sashelp.dmine, rpt_imputedvar_vlabel,   NOQUOTE))" INDICATOR
36904    !  =
36905         "%sysfunc(sasmsg(sashelp.dmine, rpt_indicatorvar_vlabel, NOQUOTE))" VALUE = "%sysfunc(sasmsg(sashelp.dmine, rpt_imputevalue_vlabel,  NOQUOTE))" ROLE = "%sysfunc(sasmsg(sashelp.dmine, meta_role_vlabel,        NOQUOTE))" LEVEL =
36906         "%sysfunc(sasmsg(sashelp.dmine, meta_level_vlabel,       NOQUOTE))" LABEL = "%sysfunc(sasmsg(sashelp.dmine, meta_label_vlabel,       NOQUOTE))" TRAIN = "%sysfunc(sasmsg(sashelp.dmine, rpt_missingcount_vlabel, NOQUOTE, TRAIN))";
MPRINT(EM_DIAGRAM):   label NAME = "Variable Name" METHOD = "Impute Method" IMPUTED = "Imputed Variable" INDICATOR = "Indicator Variable" VALUE = "Impute Value" ROLE = "Role" LEVEL = "Measurement Level" LABEL = "Label" TRAIN = "Number of Missing for 
TRAIN";
36907      set EMWS1.Impt_META(where=(IMPUTED ne '') keep=NAME METHOD IMP VALUE ROLE NMISS LEVEL LABEL rename=(IMP=IMPUTED NMISS=TRAIN)) end=eof;
MPRINT(EM_DIAGRAM):   set EMWS1.Impt_META(where=(IMPUTED ne '') keep=NAME METHOD IMP VALUE ROLE NMISS LEVEL LABEL rename=(IMP=IMPUTED NMISS=TRAIN)) end=eof;
36908      if eof then call symput('_nimpute', '1');
MPRINT(EM_DIAGRAM):   if eof then call symput('_nimpute', '1');
36909      run;
MPRINT(EM_DIAGRAM):   run;

NOTE: Variable INDICATOR is uninitialized.
NOTE: There were 0 observations read from the data set EMWS1.IMPT_META.
      WHERE IMPUTED not = ' ';
NOTE: The data set EMWS1.IMPT_RESULT has 0 observations and 8 variables.
NOTE: DATA statement used (Total process time):
      real time           0.08 seconds
      cpu time            0.06 seconds
      

MPRINT(EM_DIAGRAM):    proc printto;
MPRINT(EM_DIAGRAM):   run;
