MPRINT(EM_DIAGRAM):    data _null_;
MPRINT(EM_DIAGRAM):   call symput('NLDATE', strip(put(date(), NLDATE.)));
MPRINT(EM_DIAGRAM):   call symput('NLTIME', strip(put(datetime(), NLTIME.)));
MPRINT(EM_DIAGRAM):   run;
MPRINT(EM_DIAGRAM):   data _null_;
MPRINT(EM_DIAGRAM):   nldate= sasmsg("sashelp.dmine", "log_date_note", 'N', "August 07, 2022" );
MPRINT(EM_DIAGRAM):   nltime= sasmsg("sashelp.dmine", "log_time_note", 'N', "18:16:22" );
MPRINT(EM_DIAGRAM):   put "*------------------------------------------------------------*";
MPRINT(EM_DIAGRAM):   put "* Training Log";
MPRINT(EM_DIAGRAM):   put nldate;
MPRINT(EM_DIAGRAM):   put nltime;
MPRINT(EM_DIAGRAM):   put "*------------------------------------------------------------*";
MPRINT(EM_DIAGRAM):   run;
*------------------------------------------------------------*
* Training Log
Date:                August 07, 2022
Time:                18:16:22
*------------------------------------------------------------*
MPRINT(EM_DIAGRAM):    filename O1K7HZM6 "D:\\BAN210PA\Workspaces\EMWS1\Part\EMTRAIN.out" encoding="UTF-8" NOBOM;
MPRINT(EM_DIAGRAM):   proc printto print=O1K7HZM6 new;
MPRINT(EM_DIAGRAM):   run;
MPRINT(EM_DIAGRAM):    filename _LOG "D:\\BAN210PA\Workspaces\EMWS1\Part\EMLOG.log" encoding="UTF-8" NOBOM;
MPRINT(EM_DIAGRAM):    data _null_;
MPRINT(EM_DIAGRAM):   call symput('NLDATE', strip(put(date(), NLDATE.)));
MPRINT(EM_DIAGRAM):   call symput('NLTIME', strip(put(datetime(), NLTIME.)));
MPRINT(EM_DIAGRAM):   run;
MPRINT(EM_DIAGRAM):   data _null_;
MPRINT(EM_DIAGRAM):   nldate= sasmsg("sashelp.dmine", "log_date_note", 'N', "August 07, 2022" );
MPRINT(EM_DIAGRAM):   nltime= sasmsg("sashelp.dmine", "log_time_note", 'N', "18:16:22" );
MPRINT(EM_DIAGRAM):   file _LOG;
MPRINT(EM_DIAGRAM):   put "*------------------------------------------------------------*";
MPRINT(EM_DIAGRAM):   put "User:                Nikee";
MPRINT(EM_DIAGRAM):   put nldate;
MPRINT(EM_DIAGRAM):   put nltime;
MPRINT(EM_DIAGRAM):   put "Site:                70192439";
MPRINT(EM_DIAGRAM):   put "Platform:            X64_8HOME";
MPRINT(EM_DIAGRAM):   put "Maintenance Release: 9.04.01M3P062415";
MPRINT(EM_DIAGRAM):   put "EM Version:          14.1";
MPRINT(EM_DIAGRAM):   put "* ";
MPRINT(EM_DIAGRAM):   run;
MPRINT(EM_DIAGRAM):    filename _LOGIN "D:\\BAN210PA\Workspaces\EMWS1\Part\EMTRAIN.log" encoding="UTF-8" NOBOM;
MPRINT(EM_COPYFILE):   data _null_;
MPRINT(EM_COPYFILE):   length line $20000;
MPRINT(EM_COPYFILE):   file _LOG MOD lrecl=20000;
MPRINT(EM_COPYFILE):   fid=fopen("_LOGIN",'i',20000,'v');
MPRINT(EM_COPYFILE):   if fid > 0 then do;
MPRINT(EM_COPYFILE):   do while(^fread(fid));
MPRINT(EM_COPYFILE):   rlen = frlen(fid);
MPRINT(EM_COPYFILE):   rc= fget(fid,line,20000);
MPRINT(EM_COPYFILE):   start = length(line)-length(left(line))+1;
MPRINT(EM_COPYFILE):   line=strip(line);
MPRINT(EM_COPYFILE):   put @start line;
MPRINT(EM_COPYFILE):   end;
MPRINT(EM_COPYFILE):   if fid > 0 then rc=fclose(fid);
MPRINT(EM_COPYFILE):   end;
MPRINT(EM_COPYFILE):   run;
MPRINT(EM_DIAGRAM):  ;
MPRINT(EM_DIAGRAM):   filename _LOGIN;
MPRINT(EM_DIAGRAM):    data _null_;
MPRINT(EM_DIAGRAM):   file _LOG mod;
MPRINT(EM_DIAGRAM):   put _page_;
MPRINT(EM_DIAGRAM):   run;
MPRINT(EM_DIAGRAM):   filename _LOGIN "D:\\BAN210PA\Workspaces\EMWS1\Part\EMSCORE.log" encoding="UTF-8" NOBOM;
MPRINT(EM_DIAGRAM):  ;
MPRINT(EM_DIAGRAM):   data _null_;
MPRINT(EM_DIAGRAM):   file _LOG mod;
MPRINT(EM_DIAGRAM):   put _page_;
MPRINT(EM_DIAGRAM):   run;
MPRINT(EM_DIAGRAM):    filename _LOGIN "D:\\BAN210PA\Workspaces\EMWS1\Part\EMREPORT.log" encoding="UTF-8" NOBOM;
MPRINT(EM_DIAGRAM):  ;
MPRINT(EM_DIAGRAM):   filename _LOGIN;
MPRINT(EM_DIAGRAM):    filename _LOG;
MPRINT(EM_DIAGRAM):    filename _OUT "D:\\BAN210PA\Workspaces\EMWS1\Part\EMOUTPUT.out" encoding="UTF-8" NOBOM;
MPRINT(EM_DIAGRAM):    data _null_;
MPRINT(EM_DIAGRAM):   call symput('NLDATE', strip(put(date(), NLDATE.)));
MPRINT(EM_DIAGRAM):   call symput('NLTIME', strip(put(datetime(), NLTIME.)));
MPRINT(EM_DIAGRAM):   run;
MPRINT(EM_DIAGRAM):   data _null_;
MPRINT(EM_DIAGRAM):   nldate= sasmsg("sashelp.dmine", "log_date_note", 'N', "August 07, 2022" );
MPRINT(EM_DIAGRAM):   nltime= sasmsg("sashelp.dmine", "log_time_note", 'N', "18:16:22" );
MPRINT(EM_DIAGRAM):   file _OUT;
MPRINT(EM_DIAGRAM):   put "*------------------------------------------------------------*";
MPRINT(EM_DIAGRAM):   put "User:                Nikee";
MPRINT(EM_DIAGRAM):   put nldate;
MPRINT(EM_DIAGRAM):   put nltime;
MPRINT(EM_DIAGRAM):   put "*------------------------------------------------------------*";
MPRINT(EM_DIAGRAM):   put "* Training Output";
MPRINT(EM_DIAGRAM):   put "*------------------------------------------------------------*";
MPRINT(EM_DIAGRAM):   run;
MPRINT(EM_DIAGRAM):    filename _OUTIN "D:\\BAN210PA\Workspaces\EMWS1\Part\EMTRAIN.out" encoding="UTF-8" NOBOM;
MPRINT(EM_DIAGRAM):   ;
MPRINT(EM_COPYFILE):   data _null_;
MPRINT(EM_COPYFILE):   length line $20000;
MPRINT(EM_COPYFILE):   file _OUT MOD lrecl=20000;
MPRINT(EM_COPYFILE):   fid=fopen("_OUTIN",'i',20000,'v');
MPRINT(EM_COPYFILE):   if fid > 0 then do;
MPRINT(EM_COPYFILE):   do while(^fread(fid));
MPRINT(EM_COPYFILE):   rlen = frlen(fid);
MPRINT(EM_COPYFILE):   rc= fget(fid,line,20000);
MPRINT(EM_COPYFILE):   start = length(line)-length(left(line))+1;
MPRINT(EM_COPYFILE):   line=strip(line);
MPRINT(EM_COPYFILE):   put @start line;
MPRINT(EM_COPYFILE):   end;
MPRINT(EM_COPYFILE):   if fid > 0 then rc=fclose(fid);
MPRINT(EM_COPYFILE):   end;
MPRINT(EM_COPYFILE):   run;
MPRINT(EM_DIAGRAM):  ;
MPRINT(EM_DIAGRAM):   filename _OUTIN;
MPRINT(EM_DIAGRAM):    data _null_;
MPRINT(EM_DIAGRAM):   file _OUT mod;
MPRINT(EM_DIAGRAM):   put _page_;
MPRINT(EM_DIAGRAM):   put // "*------------------------------------------------------------*";
MPRINT(EM_DIAGRAM):   put "* Score Output";
MPRINT(EM_DIAGRAM):   put "*------------------------------------------------------------*";
MPRINT(EM_DIAGRAM):   run;
MPRINT(EM_DIAGRAM):    filename _OUTIN "D:\\BAN210PA\Workspaces\EMWS1\Part\EMSCORE.out" encoding="UTF-8" NOBOM;
MPRINT(EM_DIAGRAM):  ;
MPRINT(EM_DIAGRAM):   filename _OUTIN;
MPRINT(EM_DIAGRAM):    data _null_;
MPRINT(EM_DIAGRAM):   file _OUT mod;
MPRINT(EM_DIAGRAM):   put _page_;
MPRINT(EM_DIAGRAM):   put // "*------------------------------------------------------------*";
MPRINT(EM_DIAGRAM):   put "* Report Output";
MPRINT(EM_DIAGRAM):   put "*------------------------------------------------------------*";
MPRINT(EM_DIAGRAM):   run;
MPRINT(EM_DIAGRAM):    filename _OUTIN "D:\\BAN210PA\Workspaces\EMWS1\Part\EMREPORT.out" encoding="UTF-8" NOBOM;
MPRINT(EM_DIAGRAM):  ;
MPRINT(EM_DIAGRAM):   filename _OUTIN;
MPRINT(EM_DIAGRAM):    filename _OUT;
MPRINT(EM_DIAGRAM):    filename _emtool_ 'D:\\BAN210PA\Workspaces\EMWS1\Part\EMRUNSTATUS.xml' encoding="UTF-8" NOBOM;
MPRINT(EM_DIAGRAM):    filename _emtool_ 'D:\\BAN210PA\Workspaces\EMWS1\Part\EMRUNSTATUS.xml' encoding="UTF-8" NOBOM;
21331      proc freq data=EMWS1.Part_VariableSet noprint;
MPRINT(EM_DIAGRAM):    proc freq data=EMWS1.Part_VariableSet noprint;
21332      table ROLE*LEVEL/out=WORK.PartMETA;
MPRINT(EM_DIAGRAM):   table ROLE*LEVEL/out=WORK.PartMETA;
21333      run;
MPRINT(EM_DIAGRAM):   run;

NOTE: There were 10 observations read from the data set EMWS1.PART_VARIABLESET.
NOTE: The data set WORK.PARTMETA has 3 observations and 4 variables.
NOTE: PROCEDURE FREQ used (Total process time):
      real time           0.05 seconds
      cpu time            0.00 seconds
      

21334      proc print data=WORK.PartMETA label noobs;
MPRINT(EM_DIAGRAM):   proc print data=WORK.PartMETA label noobs;
21335      var ROLE LEVEL COUNT;
MPRINT(EM_DIAGRAM):   var ROLE LEVEL COUNT;
21336      label ROLE = "%sysfunc(sasmsg(sashelp.dmine, meta_role_vlabel, NOQUOTE))" LEVEL = "%sysfunc(sasmsg(sashelp.dmine, meta_level_vlabel, NOQUOTE))" COUNT = "%sysfunc(sasmsg(sashelp.dmine, rpt_count_vlabel, NOQUOTE))";
MPRINT(EM_DIAGRAM):   label ROLE = "Role" LEVEL = "Measurement Level" COUNT = "Frequency Count";
21337      title9 ' ';
MPRINT(EM_DIAGRAM):   title9 ' ';
21338      title10 "%sysfunc(sasmsg(sashelp.dmine, rpt_varSummary_title  , NOQUOTE))";
MPRINT(EM_DIAGRAM):   title10 "Variable Summary";
MPRINT(EM_DIAGRAM):   run;
21339      run;

NOTE: There were 3 observations read from the data set WORK.PARTMETA.
NOTE: The PROCEDURE PRINT printed page 1.
NOTE: PROCEDURE PRINT used (Total process time):
      real time           0.04 seconds
      cpu time            0.01 seconds
      

21340      title10;
MPRINT(EM_DIAGRAM):   title10;
MPRINT(EM_DIAGRAM):    *------------------------------------------------------------*;
MPRINT(EM_DIAGRAM):   * Part: Preparing metadata for Training;
MPRINT(EM_DIAGRAM):   *------------------------------------------------------------*;
MPRINT(EM_DIAGRAM):   data WORK.M39JVVTG;
MPRINT(EM_DIAGRAM):   set WORK.M39JVVTG;
MPRINT(EM_DIAGRAM):   where(PARTITIONROLE ne '' or ROLE='TARGET');
MPRINT(EM_DIAGRAM):   run;
21348      *------------------------------------------------------------*;
MPRINT(EM_DIAGRAM):    *------------------------------------------------------------*;
21349      * Part: Determine number of observations;
MPRINT(EM_DIAGRAM):   * Part: Determine number of observations;
21350      *------------------------------------------------------------*;
MPRINT(EM_DIAGRAM):   *------------------------------------------------------------*;
21351      proc sql;
MPRINT(EM_DIAGRAM):   proc sql;
21352      reset noprint;
MPRINT(EM_DIAGRAM):   reset noprint;
21353      select count(*) into :_tmpa from EMWS1.FIMPORT_train
21354      ;
MPRINT(EM_DIAGRAM):   select count(*) into :_tmpa from EMWS1.FIMPORT_train ;
NOTE: View EMWS1.FIMPORT_TRAIN.VIEW used (Total process time):
      real time           0.04 seconds
      cpu time            0.03 seconds
      
NOTE: There were 286 observations read from the data set EMWS1.FIMPORT_DATA.
21355      quit;
MPRINT(EM_DIAGRAM):   quit;
NOTE: PROCEDURE SQL used (Total process time):
      real time           0.06 seconds
      cpu time            0.03 seconds
      

trainPct=40 validatePct=30 testPct=30 
NOTE: View EMWS1.FIMPORT_TRAIN.VIEW used (Total process time):
      real time           0.03 seconds
      cpu time            0.04 seconds
      
21356      *------------------------------------------------------------*;
MPRINT(EM_DIAGRAM):    *------------------------------------------------------------*;
21357      * Part: Retrieving stratification variable(s) levels;
MPRINT(EM_DIAGRAM):   * Part: Retrieving stratification variable(s) levels;
21358      *------------------------------------------------------------*;
MPRINT(EM_DIAGRAM):   *------------------------------------------------------------*;
21359      proc freq data=EMWS1.FIMPORT_train noprint;
MPRINT(EM_DIAGRAM):   proc freq data=EMWS1.FIMPORT_train noprint;
21360      format
21361      class $20.
21362      ;
MPRINT(EM_DIAGRAM):   format class $20. ;
21363      table
21364      class
21365      /out=WORK.Part_FREQ(drop=percent);
MPRINT(EM_DIAGRAM):   table class /out=WORK.Part_FREQ(drop=percent);
21366      run;
MPRINT(EM_DIAGRAM):   run;

NOTE: View EMWS1.FIMPORT_TRAIN.VIEW used (Total process time):
      real time           0.03 seconds
      cpu time            0.03 seconds
      
NOTE: There were 286 observations read from the data set EMWS1.FIMPORT_DATA.
NOTE: There were 286 observations read from the data set EMWS1.FIMPORT_TRAIN.
NOTE: The data set WORK.PART_FREQ has 2 observations and 2 variables.
NOTE: PROCEDURE FREQ used (Total process time):
      real time           0.04 seconds
      cpu time            0.03 seconds
      

21367      proc sort data=WORK.Part_FREQ;
MPRINT(EM_DIAGRAM):    proc sort data=WORK.Part_FREQ;
21368      by descending count;
MPRINT(EM_DIAGRAM):   by descending count;
21369      run;
MPRINT(EM_DIAGRAM):   run;

NOTE: There were 2 observations read from the data set WORK.PART_FREQ.
NOTE: The data set WORK.PART_FREQ has 2 observations and 2 variables.
NOTE: PROCEDURE SORT used (Total process time):
      real time           0.00 seconds
      cpu time            0.01 seconds
      

MPRINT(EM_DIAGRAM):   * Part: Retrieving levels that meet minimum requirement;
21370      * Part: Retrieving levels that meet minimum requirement;
21371      data WORK.Part_FREQ2(keep = count);
MPRINT(EM_DIAGRAM):   data WORK.Part_FREQ2(keep = count);
21372      set WORK.Part_FREQ;
MPRINT(EM_DIAGRAM):   set WORK.Part_FREQ;
21373      where (.01 * 40 * count) >= 3;
MPRINT(EM_DIAGRAM):   where (.01 * 40 * count) >= 3;
21374      run;
MPRINT(EM_DIAGRAM):   run;

NOTE: There were 2 observations read from the data set WORK.PART_FREQ.
      WHERE (0.4*count)>=3;
NOTE: The data set WORK.PART_FREQ2 has 2 observations and 1 variables.
NOTE: DATA statement used (Total process time):
      real time           0.01 seconds
      cpu time            0.00 seconds
      

21375      *------------------------------------------------------------*;
MPRINT(EM_DIAGRAM):    *------------------------------------------------------------*;
21376      * Part: Create stratified partitioning;
MPRINT(EM_DIAGRAM):   * Part: Create stratified partitioning;
21377      *------------------------------------------------------------*;
MPRINT(EM_DIAGRAM):   *------------------------------------------------------------*;
21378      data
21379      EMWS1.Part_TRAIN(label="")
21380      EMWS1.Part_VALIDATE(label="")
21381      EMWS1.Part_TEST(label="")
21382      ;
MPRINT(EM_DIAGRAM):   data EMWS1.Part_TRAIN(label="") EMWS1.PART_VALIDATE(label="") EMWS1.PART_TEST(label="") ;
21383      retain _seed_ 12345;
MPRINT(EM_DIAGRAM):   retain _seed_ 12345;
21384      drop _seed_ _genvalue_;
MPRINT(EM_DIAGRAM):   drop _seed_ _genvalue_;
21385      call ranuni(_seed_, _genvalue_);
MPRINT(EM_DIAGRAM):   call ranuni(_seed_, _genvalue_);
21386      label _dataobs_ = "%sysfunc(sasmsg(sashelp.dmine, sample_dataobs_vlabel, NOQUOTE))";
MPRINT(EM_DIAGRAM):   label _dataobs_ = "Observation Number";
21387      _dataobs_ = _N_;
MPRINT(EM_DIAGRAM):   _dataobs_ = _N_;
21388      drop _c00:;
MPRINT(EM_DIAGRAM):   drop _c00:;
21389      set EMWS1.FIMPORT_train;
MPRINT(EM_DIAGRAM):   set EMWS1.FIMPORT_train;
21390      length _Pformat1 $70;
MPRINT(EM_DIAGRAM):   length _Pformat1 $70;
21391      drop _Pformat1;
MPRINT(EM_DIAGRAM):   drop _Pformat1;
21392      _Pformat1 = strip(put(class, $20.));
MPRINT(EM_DIAGRAM):   _Pformat1 = strip(put(class, $20.));
21393      if
21394      _Pformat1 = 'no-recurrence-events'
21395      then do;
MPRINT(EM_DIAGRAM):   if _Pformat1 = 'no-recurrence-events' then do;
21396      if (201+1-_C000004)*_genvalue_ <= (80 - _C000001) then do;
MPRINT(EM_DIAGRAM):   if (201+1-_C000004)*_genvalue_ <= (80 - _C000001) then do;
21397      _C000001 + 1;
MPRINT(EM_DIAGRAM):   _C000001 + 1;
21398      output EMWS1.Part_TRAIN;
MPRINT(EM_DIAGRAM):   output EMWS1.Part_TRAIN;
21399      end;
MPRINT(EM_DIAGRAM):   end;
21400      else do;
MPRINT(EM_DIAGRAM):   else do;
21401      if (201+1-_C000004)*_genvalue_ <= (80 - _C000001 + 60 - _C000002) then do;
MPRINT(EM_DIAGRAM):   if (201+1-_C000004)*_genvalue_ <= (80 - _C000001 + 60 - _C000002) then do;
21402      _C000002 + 1;
MPRINT(EM_DIAGRAM):   _C000002 + 1;
21403      output EMWS1.Part_VALIDATE;
MPRINT(EM_DIAGRAM):   output EMWS1.Part_VALIDATE;
21404      end;
MPRINT(EM_DIAGRAM):   end;
21405      else do;
MPRINT(EM_DIAGRAM):   else do;
21406      _C000003 + 1;
MPRINT(EM_DIAGRAM):   _C000003 + 1;
21407      output EMWS1.Part_TEST;
MPRINT(EM_DIAGRAM):   output EMWS1.Part_TEST;
21408      end;
MPRINT(EM_DIAGRAM):   end;
21409      end;
MPRINT(EM_DIAGRAM):   end;
21410      _C000004+1;
MPRINT(EM_DIAGRAM):   _C000004+1;
21411      end;
MPRINT(EM_DIAGRAM):   end;
21412      else if
21413      _Pformat1 = 'recurrence-events'
21414      then do;
MPRINT(EM_DIAGRAM):   else if _Pformat1 = 'recurrence-events' then do;
21415      if (85+1-_C000008)*_genvalue_ <= (34 - _C000005) then do;
MPRINT(EM_DIAGRAM):   if (85+1-_C000008)*_genvalue_ <= (34 - _C000005) then do;
21416      _C000005 + 1;
MPRINT(EM_DIAGRAM):   _C000005 + 1;
21417      output EMWS1.Part_TRAIN;
MPRINT(EM_DIAGRAM):   output EMWS1.Part_TRAIN;
21418      end;
MPRINT(EM_DIAGRAM):   end;
21419      else do;
MPRINT(EM_DIAGRAM):   else do;
21420      if (85+1-_C000008)*_genvalue_ <= (34 - _C000005 + 26 - _C000006) then do;
MPRINT(EM_DIAGRAM):   if (85+1-_C000008)*_genvalue_ <= (34 - _C000005 + 26 - _C000006) then do;
21421      _C000006 + 1;
MPRINT(EM_DIAGRAM):   _C000006 + 1;
21422      output EMWS1.Part_VALIDATE;
MPRINT(EM_DIAGRAM):   output EMWS1.Part_VALIDATE;
21423      end;
MPRINT(EM_DIAGRAM):   end;
21424      else do;
MPRINT(EM_DIAGRAM):   else do;
21425      _C000007 + 1;
MPRINT(EM_DIAGRAM):   _C000007 + 1;
21426      output EMWS1.Part_TEST;
MPRINT(EM_DIAGRAM):   output EMWS1.Part_TEST;
21427      end;
MPRINT(EM_DIAGRAM):   end;
21428      end;
MPRINT(EM_DIAGRAM):   end;
21429      _C000008+1;
MPRINT(EM_DIAGRAM):   _C000008+1;
21430      end;
MPRINT(EM_DIAGRAM):   end;
21431      run;
MPRINT(EM_DIAGRAM):   run;

NOTE: View EMWS1.FIMPORT_TRAIN.VIEW used (Total process time):
      real time           0.02 seconds
      cpu time            0.03 seconds
      
NOTE: There were 286 observations read from the data set EMWS1.FIMPORT_DATA.
NOTE: There were 286 observations read from the data set EMWS1.FIMPORT_TRAIN.
NOTE: The data set EMWS1.PART_TRAIN has 113 observations and 11 variables.
NOTE: The data set EMWS1.PART_VALIDATE has 85 observations and 11 variables.
NOTE: The data set EMWS1.PART_TEST has 88 observations and 11 variables.
NOTE: DATA statement used (Total process time):
      real time           0.05 seconds
      cpu time            0.04 seconds
      

21432      data _tempNobs;
MPRINT(EM_DIAGRAM):    data _tempNobs;
21433      length Type $8 Table $32 Nobs 8;
MPRINT(EM_DIAGRAM):   length Type $8 Table $32 Nobs 8;
21434      label type= "%sysfunc(sasmsg(sashelp.dmine, meta_type_vlabel,    NOQUOTE))" table = "%sysfunc(sasmsg(sashelp.dmine, meta_dataset_vlabel, NOQUOTE))" nobs = "%sysfunc(sasmsg(sashelp.dmine,  rpt_numObs_vlabel,   NOQUOTE))";
MPRINT(EM_DIAGRAM):   label type= "Type" table = "Data Set" nobs = "Number of Observations";
21435      type='DATA';
MPRINT(EM_DIAGRAM):   type='DATA';
21436      table="EMWS1.FIMPORT_train";
MPRINT(EM_DIAGRAM):   table="EMWS1.FIMPORT_train";
21437      Nobs=286;
MPRINT(EM_DIAGRAM):   Nobs=286;
21438      output;
MPRINT(EM_DIAGRAM):   output;
21439      type='TRAIN';
MPRINT(EM_DIAGRAM):   type='TRAIN';
21440      table="EMWS1.Part_TRAIN";
MPRINT(EM_DIAGRAM):   table="EMWS1.Part_TRAIN";
21441      Nobs=113;
MPRINT(EM_DIAGRAM):   Nobs=113;
21442      output;
MPRINT(EM_DIAGRAM):   output;
21443      type='VALIDATE';
MPRINT(EM_DIAGRAM):   type='VALIDATE';
21444      table="EMWS1.Part_VALIDATE";
MPRINT(EM_DIAGRAM):   table="EMWS1.Part_VALIDATE";
21445      Nobs=85;
MPRINT(EM_DIAGRAM):   Nobs=85;
21446      output;
MPRINT(EM_DIAGRAM):   output;
21447      type='TEST';
MPRINT(EM_DIAGRAM):   type='TEST';
21448      table="EMWS1.Part_TEST";
MPRINT(EM_DIAGRAM):   table="EMWS1.Part_TEST";
21449      Nobs=88;
MPRINT(EM_DIAGRAM):   Nobs=88;
21450      output;
MPRINT(EM_DIAGRAM):   output;
21451      run;
MPRINT(EM_DIAGRAM):   run;

NOTE: The data set WORK._TEMPNOBS has 4 observations and 3 variables.
NOTE: DATA statement used (Total process time):
      real time           0.02 seconds
      cpu time            0.01 seconds
      

21452      %let _cn = %sysfunc(getoption(CENTER));
21453      %let _nb = %sysfunc(getoption(NUMBER));
21454      options nonumber nocenter;
MPRINT(EM_DIAGRAM):   options nonumber nocenter;
21455      proc print data=_tempNobs noobs label;
MPRINT(EM_DIAGRAM):   proc print data=_tempNobs noobs label;
21456      title9 ' ';
MPRINT(EM_DIAGRAM):   title9 ' ';
21457      title10 "%sysfunc(sasmsg(sashelp.dmine, rpt_partitionSummary_title, NOQUOTE))";
MPRINT(EM_DIAGRAM):   title10 "Partition Summary";
MPRINT(EM_DIAGRAM):   run;
21458      run;

NOTE: There were 4 observations read from the data set WORK._TEMPNOBS.
NOTE: The PROCEDURE PRINT printed page 2.
NOTE: PROCEDURE PRINT used (Total process time):
      real time           0.00 seconds
      cpu time            0.00 seconds
      

21459      title10;
MPRINT(EM_DIAGRAM):   title10;
21460      options &_cn &_nb;
MPRINT(EM_DIAGRAM):   options NOCENTER NONUMBER;
MPRINT(EM_DIAGRAM):   run;
21461      run;

MPRINT(EM_DIAGRAM):    proc printto;
MPRINT(EM_DIAGRAM):   run;
