 
                                                                                               
 
 
Variable Summary

          Measurement    Frequency
 Role        Level         Count

TARGET      NOMINAL          1    
 
                                                                                               
 
 







Fit Statistics
Model Selection based on Valid: Misclassification Rate (_VMISC_)

                                                          Train:                        Valid:
                                           Valid:        Average         Train:        Average
Selected   Model        Model        Misclassification   Squared   Misclassification   Squared
 Model     Node      Description            Rate          Error           Rate          Error

   Y       Neural   Neural Network        0.38824        0.01869        0.02655        0.33473
           Reg      Regression            0.40000        0.13803        0.17699        0.29005
 
                                                                                               
 
 







Fit Statistics Table
Target: class

Data Role=Train

Statistics                                                         Neural        Reg

Train: Bin-Based Two-Way Kolmogorov-Smirnov Probability Cutoff      0.567      0.346
Train: Kolmogorov-Smirnov Statistic                                 0.975      0.648
Train: Akaike's Information Criterion                             217.194    158.784
Train: Average Squared Error                                        0.019      0.138
Train: Roc Index                                                    0.999      0.851
Train: Average Error Function                                       0.076      0.419
Train: Cumulative Percent Captured Response                        36.364     27.273
Train: Percent Captured Response                                   18.182     12.121
Selection Criterion: Valid: Misclassification Rate                  0.388      0.400
Train: Degrees of Freedom for Error                                13.000     81.000
Train: Model Degrees of Freedom                                   100.000     32.000
Train: Total Degrees of Freedom                                   113.000    113.000
Train: Divisor for ASE                                            226.000    226.000
Train: Error Function                                              17.194     94.784
Train: Final Prediction Error                                       0.306      0.247
Train: Gain                                                       242.424    156.818
Train: Gini Coefficient                                             0.998      0.702
Train: Bin-Based Two-Way Kolmogorov-Smirnov Statistic               0.945      0.623
Train: Kolmogorov-Smirnov Probability Cutoff                        0.360      0.330
Train: Cumulative Lift                                              3.424      2.568
Train: Lift                                                         3.424      2.283
Train: Maximum Absolute Error                                       0.603      0.930
Train: Misclassification Rate                                       0.027      0.177
Train: Mean Square Error                                            0.162      0.193
Train: Sum of Frequencies                                         113.000    113.000
Train: Number of Estimate Weights                                 100.000     32.000
Train: Root Average Sum of Squares                                  0.137      0.372
Train: Cumulative Percent Response                                100.000     75.000
Train: Percent Response                                           100.000     66.667
Train: Root Final Prediction Error                                  0.553      0.497
Train: Root Mean Squared Error                                      0.403      0.439
Train: Schwarz's Bayesian Criterion                               489.933    246.060
Train: Sum of Squared Errors                                        4.224     31.194
Train: Sum of Case Weights Times Freq                             226.000    226.000
Train: Number of Wrong Classifications                              3.000       .   


Data Role=Valid

Statistics                                                         Neural        Reg

Valid: Kolmogorov-Smirnov Statistic                                 0.123      0.156
Valid: Average Squared Error                                        0.335      0.290
Valid: Roc Index                                                    0.567      0.540
Valid: Average Error Function                                       1.625      1.418
Valid: Bin-Based Two-Way Kolmogorov-Smirnov Probability Cutoff      0.006      0.028
Valid: Cumulative Percent Captured Response                        15.385     11.538
Valid: Percent Captured Response                                   11.538      3.846
Valid: Divisor for VASE                                           170.000    170.000
Valid: Error Function                                             276.193    241.048
Valid: Gain                                                        45.299      8.974
Valid: Gini Coefficient                                             0.135      0.080
Valid: Bin-Based Two-Way Kolmogorov-Smirnov Statistic               0.188      0.134
Valid: Kolmogorov-Smirnov Probability Cutoff                        0.040      0.010
Valid: Cumulative Lift                                              1.453      1.090
Valid: Lift                                                         2.452      0.817
Valid: Maximum Absolute Error                                       1.000      1.000
Valid: Misclassification Rate                                       0.388      0.400
Valid: Mean Square Error                                            0.335      0.290
Valid: Sum of Frequencies                                          85.000     85.000
Valid: Root Average Squared Error                                   0.579      0.539
Valid: Cumulative Percent Response                                 44.444     33.333
Valid: Percent Response                                            75.000     25.000
Valid: Root Mean Square Error                                       0.579      0.539
Valid: Sum of Square Errors                                        56.904     49.308
Valid: Sum of Case Weights Times Freq                             170.000    170.000
Valid: Number of Wrong Classifications                             33.000       .   


Data Role=Test

Statistics                                                         Neural        Reg

Test:  Kolmogorov-Smirnov Statistic                                 0.448      0.300
Test: Average Squared Error                                         0.222      0.223
Test:  Roc Index                                                    0.653      0.656
Test: Average Error Function                                        1.446      1.260
Test:  Bin-Based Two-Way Kolmogorov-Smirnov Probability Cutoff      0.756      0.610
Test: Cumulative Percent Captured Response                         19.231     19.231
Test: Percent Captured Response                                     3.846      3.846
Test: Divisor for TASE                                            176.000    176.000
Test: Error Function                                              254.500    221.830
Test: Gain                                                         88.034     88.034
Test:  Gini Coefficient                                             0.305      0.311
Test:  Bin-Based Two-Way Kolmogorov-Smirnov Statistic               0.409      0.300
Test:  Kolmogorov-Smirnov Probability Cutoff                        0.610      0.530
Test: Cumulative Lift                                               1.880      1.880
Test: Lift                                                          0.846      0.846
Test: Maximum Absolute Error                                        1.000      1.000
Test: Misclassification Rate                                        0.239      0.295
Test: Lower 95% Conf. Limit for TMISC                                .         0.203
Test: Upper 95% Conf. Limit for TMISC                                .         0.402
Test: Mean Square Error                                             0.222      0.223
Test: Sum of Frequencies                                           88.000     88.000
Test: Root Average Squared Error                                    0.471      0.472
Test: Cumulative Percent Response                                  55.556     55.556
Test: Percent Response                                             25.000     25.000
Test: Root Mean Square Error                                        0.471      0.472
Test: Sum of Square Errors                                         39.022     39.172
Test: Sum of Case Weights Times Freq                              176.000    176.000
Test: Number of Wrong Classifications                              21.000       .   
 
                                                                                               
 
 







Event Classification Table
Model Selection based on Valid: Misclassification Rate (_VMISC_)

Model       Model       Data              Target    False     True      False     True
Node     Description    Role      Target  Label   Negative  Negative  Positive  Positive

Reg     Regression      TRAIN     class   class      15        75         5        18   
Reg     Regression      VALIDATE  class   class      18        43        16         8   
Neural  Neural Network  TRAIN     class   class       1        78         2        32   
Neural  Neural Network  VALIDATE  class   class      20        46        13         6   
