 
                                                                                               
 
 
Fit Statistics

Target=class Target Label=class

   Fit
Statistics    Statistics Label                    Train    Validation       Test

 _AIC_        Akaike's Information Criterion    158.784         .           .   
 _ASE_        Average Squared Error               0.138        0.290       0.223
 _AVERR_      Average Error Function              0.419        1.418       1.260
 _DFE_        Degrees of Freedom for Error       81.000         .           .   
 _DFM_        Model Degrees of Freedom           32.000         .           .   
 _DFT_        Total Degrees of Freedom          113.000         .           .   
 _DIV_        Divisor for ASE                   226.000      170.000     176.000
 _ERR_        Error Function                     94.784      241.048     221.830
 _FPE_        Final Prediction Error              0.247         .           .   
 _MAX_        Maximum Absolute Error              0.930        1.000       1.000
 _MSE_        Mean Square Error                   0.193        0.290       0.223
 _NOBS_       Sum of Frequencies                113.000       85.000      88.000
 _NW_         Number of Estimate Weights         32.000         .           .   
 _RASE_       Root Average Sum of Squares         0.372        0.539       0.472
 _RFPE_       Root Final Prediction Error         0.497         .           .   
 _RMSE_       Root Mean Squared Error             0.439        0.539       0.472
 _SBC_        Schwarz's Bayesian Criterion      246.060         .           .   
 _SSE_        Sum of Squared Errors              31.194       49.308      39.172
 _SUMW_       Sum of Case Weights Times Freq    226.000      170.000     176.000
 _MISC_       Misclassification Rate              0.177        0.400       0.295
 
                                                                                               
 
 
Classification Table

Data Role=TRAIN Target Variable=class Target Label=class

                                                Target       Outcome    Frequency      Total
       Target                Outcome          Percentage   Percentage     Count     Percentage

NO-RECURRENCE-EVENTS   NO-RECURRENCE-EVENTS     83.3333      93.7500        75        66.3717 
RECURRENCE-EVENTS      NO-RECURRENCE-EVENTS     16.6667      45.4545        15        13.2743 
NO-RECURRENCE-EVENTS   RECURRENCE-EVENTS        21.7391       6.2500         5         4.4248 
RECURRENCE-EVENTS      RECURRENCE-EVENTS        78.2609      54.5455        18        15.9292 


Data Role=VALIDATE Target Variable=class Target Label=class

                                                Target       Outcome    Frequency      Total
       Target                Outcome          Percentage   Percentage     Count     Percentage

NO-RECURRENCE-EVENTS   NO-RECURRENCE-EVENTS     70.4918      72.8814        43        50.5882 
RECURRENCE-EVENTS      NO-RECURRENCE-EVENTS     29.5082      69.2308        18        21.1765 
NO-RECURRENCE-EVENTS   RECURRENCE-EVENTS        66.6667      27.1186        16        18.8235 
RECURRENCE-EVENTS      RECURRENCE-EVENTS        33.3333      30.7692         8         9.4118 
 
                                                                                               
 
 
Event Classification Table

Data Role=TRAIN Target=class Target Label=class

  False       True        False       True
Negative    Negative    Positive    Positive

   15          75           5          18   


Data Role=VALIDATE Target=class Target Label=class

  False       True        False       True
Negative    Negative    Positive    Positive

   18          43          16           8   
 
                                                                                               
 
 
Assessment Score Rankings

Data Role=TRAIN Target Variable=class Target Label=class

                                                                                    Mean
                            Cumulative       %      Cumulative     Number of     Posterior
Depth      Gain     Lift       Lift      Response   % Response   Observations   Probability

   5    185.354   2.85354     2.85354      83.333     83.3333          6          0.91257  
  10    156.818   2.28283     2.56818      66.667     75.0000          6          0.72295  
  15    141.711   2.05455     2.41711      60.000     70.5882          5          0.58861  
  20    167.984   3.42424     2.67984     100.000     78.2609          6          0.53367  
  25    124.347   0.57071     2.24347      16.667     65.5172          6          0.47199  
  30    111.497   1.36970     2.11497      40.000     61.7647          5          0.44123  
  35    105.455   1.71212     2.05455      50.000     60.0000          6          0.40419  
  40    108.432   2.28283     2.08432      66.667     60.8696          6          0.34542  
  45     87.998   0.00000     1.87998       0.000     54.9020          5          0.29287  
  50     74.216   0.57071     1.74216      16.667     50.8772          6          0.26005  
  55     57.624   0.00000     1.57624       0.000     46.0317          6          0.21973  
  60     51.070   0.68485     1.51070      20.000     44.1176          5          0.18315  
  65     38.821   0.00000     1.38821       0.000     40.5405          6          0.13899  
  70     36.970   1.14141     1.36970      33.333     40.0000          6          0.10111  
  75     28.913   0.00000     1.28913       0.000     37.6471          5          0.07651  
  80     24.176   0.57071     1.24176      16.667     36.2637          6          0.05964  
  85     16.495   0.00000     1.16495       0.000     34.0206          6          0.01104  
  90     10.784   0.00000     1.10784       0.000     32.3529          5          0.00000  
  95      4.630   0.00000     1.04630       0.000     30.5556          6          0.00000  
 100      0.000   0.00000     1.00000       0.000     29.2035          5          0.00000  


Data Role=VALIDATE Target Variable=class Target Label=class

                                                                                    Mean
                            Cumulative       %      Cumulative     Number of     Posterior
Depth     Gain      Lift       Lift      Response   % Response   Observations   Probability

   5    30.7692   1.30769     1.30769       40        40.0000          5          0.92015  
  10     8.9744   0.81731     1.08974       25        33.3333          4          0.83154  
  15     0.5917   0.81731     1.00592       25        30.7692          4          0.71064  
  20     3.8462   0.81731     0.96154       25        29.4118          4          0.65421  
  25     4.0210   1.30769     1.04021       40        31.8182          5          0.55310  
  30    13.1657   1.63462     1.13166       50        34.6154          4          0.49912  
  35     8.9744   0.81731     1.08974       25        33.3333          4          0.41194  
  40     3.8462   0.00000     0.96154        0        29.4118          4          0.35333  
  45     0.5917   1.30769     1.00592       40        30.7692          5          0.29537  
  50    14.0429   2.45192     1.14043       75        34.8837          4          0.23882  
  55    11.2930   0.81731     1.11293       25        34.0426          4          0.15586  
  60     8.9744   0.81731     1.08974       25        33.3333          4          0.10660  
  65    10.9203   1.30769     1.10920       40        33.9286          5          0.06740  
  70     8.9744   0.81731     1.08974       25        33.3333          4          0.04589  
  75    12.3798   1.63462     1.12380       50        34.3750          4          0.03106  
  80    10.5769   0.81731     1.10577       25        33.8235          4          0.00791  
  85     3.0032   0.00000     1.03003        0        31.5068          5          0.00000  
  90     1.8981   0.81731     1.01898       25        31.1688          4          0.00000  
  95     0.9022   0.81731     1.00902       25        30.8642          4          0.00000  
 100     0.0000   0.81731     1.00000       25        30.5882          4          0.00000  
 
                                                                                               
 
 
Assessment Score Distribution

Data Role=TRAIN Target Variable=class Target Label=class

 Posterior     Number                     Mean
Probability      of      Number of     Posterior
   Range       Events    Nonevents    Probability    Percentage

 0.95-1.00        2           0         1.00000         1.7699 
 0.85-0.90        3           0         0.88037         2.6549 
 0.80-0.85        1           1         0.83027         1.7699 
 0.75-0.80        1           0         0.78969         0.8850 
 0.70-0.75        1           1         0.72662         1.7699 
 0.60-0.65        1           2         0.62601         2.6549 
 0.55-0.60        5           1         0.57338         5.3097 
 0.50-0.55        4           0         0.52384         3.5398 
 0.45-0.50        1           5         0.47199         5.3097 
 0.40-0.45        4           4         0.43334         7.0796 
 0.35-0.40        4           2         0.37680         5.3097 
 0.30-0.35        1           3         0.32278         3.5398 
 0.25-0.30        0           8         0.27740         7.0796 
 0.20-0.25        1           8         0.22388         7.9646 
 0.15-0.20        1           4         0.17560         4.4248 
 0.10-0.15        1           7         0.12632         7.0796 
 0.05-0.10        2          11         0.07424        11.5044 
 0.00-0.05        0          23         0.00450        20.3540 


Data Role=VALIDATE Target Variable=class Target Label=class

 Posterior     Number                     Mean
Probability      of      Number of     Posterior
   Range       Events    Nonevents    Probability    Percentage

 0.95-1.00        0           1         0.95069         1.1765 
 0.90-0.95        2           2         0.91251         4.7059 
 0.85-0.90        0           1         0.89845         1.1765 
 0.80-0.85        0           2         0.81911         2.3529 
 0.75-0.80        1           1         0.78114         2.3529 
 0.65-0.70        2           4         0.67478         7.0588 
 0.60-0.65        0           2         0.62759         2.3529 
 0.55-0.60        0           1         0.55176         1.1765 
 0.50-0.55        3           2         0.52464         5.8824 
 0.45-0.50        1           1         0.48492         2.3529 
 0.40-0.45        1           2         0.42375         3.5294 
 0.35-0.40        0           2         0.37648         2.3529 
 0.30-0.35        0           4         0.33463         4.7059 
 0.25-0.30        4           2         0.28398         7.0588 
 0.20-0.25        1           0         0.22880         1.1765 
 0.15-0.20        1           2         0.18285         3.5294 
 0.10-0.15        0           4         0.12826         4.7059 
 0.05-0.10        3           5         0.07166         9.4118 
 0.00-0.05        7          21         0.01033        32.9412 
